<?xml version="1.0" encoding="UTF-8"?>
<testsuites name="Login Logout" time="20.487" tests="2" failures="0" errors="0">
   <testsuite name="Login Logout" tests="2" failures="0" errors="0" time="20.487" skipped="0" timestamp="2025-01-22 10:09:02" hostname="User - LAPTOP-9JGLK48I" id="Test Suites/Login Logout">
      <properties>
         <property name="deviceName" value=""/>
         <property name="devicePlatform" value=""/>
         <property name="logFolder" value="C:\\Users\\User\\Documents\\Automation\\Project bank\\PAC cash\\Web Admin PAC Cash\\Web Admin PAC Cash\\Reports\\20250122_100854\\Login Logout\\20250122_100854"/>
         <property name="logFiles" value="C:\\Users\\User\\Documents\\Automation\\Project bank\\PAC cash\\Web Admin PAC Cash\\Web Admin PAC Cash\\Reports\\20250122_100854\\Login Logout\\20250122_100854\\execution0.log"/>
         <property name="attachments" value="C:\\Users\\User\\Documents\\Automation\\Project bank\\PAC cash\\Web Admin PAC Cash\\Web Admin PAC Cash\\Reports\\20250122_100854\\Login Logout\\20250122_100854\\1737515358698.png, C:\\Users\\User\\Documents\\Automation\\Project bank\\PAC cash\\Web Admin PAC Cash\\Web Admin PAC Cash\\Reports\\20250122_100854\\Login Logout\\20250122_100854\\1737515361621.png, C:\\Users\\User\\Documents\\Automation\\Project bank\\PAC cash\\Web Admin PAC Cash\\Web Admin PAC Cash\\Reports\\20250122_100854\\Login Logout\\20250122_100854\\1737515362883.png"/>
         <property name="hostName" value="User - LAPTOP-9JGLK48I"/>
         <property name="os" value="Windows 11 64bit"/>
         <property name="katalonVersion" value="8.6.9.208"/>
         <property name="browser" value="Chrome 132.0.0.0"/>
         <property name="hostAddress" value="172.30.50.122"/>
         <property name="sessionId" value="32b4faf4b3dc8a915626e15b9c54ece6"/>
         <property name="seleniumVersion" value="3.141.59"/>
         <property name="proxyInformation" value="ProxyInformation { proxyOption=NO_PROXY, proxyServerType=HTTP, username=, password=********, proxyServerAddress=, proxyServerPort=0, executionList=&quot;&quot;, isApplyToDesiredCapabilities=true }"/>
         <property name="platform" value="Windows 11"/>
      </properties>
      <testcase name="Test Cases/Login Logout/Login" time="19.043" classname="Test Cases/Login Logout/Login" status="PASSED">
         <system-out><![CDATA[2025-01-22 10:09:02 - [TEST_CASE][PASSED] - Test Cases/Login Logout/Login: Test Cases/Login Logout/Login

2025-01-22 10:09:02 - [TEST_STEP][PASSED] - openBrowser(URL): Browser is opened with url: 'https://cashdev.pactindo.com/emoney-admin/ind/login'

2025-01-22 10:09:03 - [MESSAGE][INFO] - Starting 'Chrome' driver

2025-01-22 10:09:03 - [MESSAGE][INFO] - Action delay is set to 0 milliseconds

2025-01-22 10:09:06 - [MESSAGE][PASSED] - Browser is opened with url: 'https://cashdev.pactindo.com/emoney-admin/ind/login'

2025-01-22 10:09:06 - [TEST_STEP][PASSED] - maximizeWindow(): Current window maximized

2025-01-22 10:09:07 - [MESSAGE][PASSED] - Current window maximized

2025-01-22 10:09:07 - [TEST_STEP][PASSED] - setText(findTestObject("Login/Input Username"), username_Login): Text 'RISWAN' is set on object 'Object Repository/Login/Input Username'

2025-01-22 10:09:07 - [MESSAGE][PASSED] - Text 'RISWAN' is set on object 'Object Repository/Login/Input Username'

2025-01-22 10:09:07 - [TEST_STEP][PASSED] - setText(findTestObject("Login/Input Password"), password_Login): Text 'Pactindo10?' is set on object 'Object Repository/Login/Input Password'

2025-01-22 10:09:08 - [MESSAGE][PASSED] - Text 'Pactindo10?' is set on object 'Object Repository/Login/Input Password'

2025-01-22 10:09:08 - [TEST_STEP][PASSED] - delay(10): Delayed 10 second(s)

2025-01-22 10:09:18 - [MESSAGE][PASSED] - Delayed 10 second(s)

2025-01-22 10:09:18 - [TEST_STEP][PASSED] - takeScreenshot(): Taking screenshot successfully

2025-01-22 10:09:18 - [MESSAGE][PASSED] - Taking screenshot successfully
[[ATTACHMENT|C:\\Users\\User\\Documents\\Automation\\Project bank\\PAC cash\\Web Admin PAC Cash\\Web Admin PAC Cash\\Reports\\20250122_100854\\Login Logout\\20250122_100854\\1737515358698.png]]

2025-01-22 10:09:18 - [TEST_STEP][PASSED] - click(findTestObject("Login/Button Login")): Object: 'Object Repository/Login/Button Login' is clicked on

2025-01-22 10:09:19 - [MESSAGE][PASSED] - Object: 'Object Repository/Login/Button Login' is clicked on

2025-01-22 10:09:19 - [TEST_STEP][PASSED] - delay(2): Delayed 2 second(s)

2025-01-22 10:09:21 - [MESSAGE][PASSED] - Delayed 2 second(s)

2025-01-22 10:09:21 - [TEST_STEP][PASSED] - takeScreenshot(): Taking screenshot successfully

2025-01-22 10:09:21 - [MESSAGE][PASSED] - Taking screenshot successfully
[[ATTACHMENT|C:\\Users\\User\\Documents\\Automation\\Project bank\\PAC cash\\Web Admin PAC Cash\\Web Admin PAC Cash\\Reports\\20250122_100854\\Login Logout\\20250122_100854\\1737515361621.png]]]]></system-out>
         <system-err><![CDATA[]]></system-err>
      </testcase>
      <testcase name="Test Cases/Login Logout/Logout" time="1.272" classname="Test Cases/Login Logout/Logout" status="PASSED">
         <system-out><![CDATA[2025-01-22 10:09:21 - [TEST_CASE][PASSED] - Test Cases/Login Logout/Logout: Test Cases/Login Logout/Logout

2025-01-22 10:09:22 - [TEST_STEP][PASSED] - click(findTestObject("Logout/Button Logout")): Object: 'Object Repository/Logout/Button Logout' is clicked on

2025-01-22 10:09:22 - [MESSAGE][PASSED] - Object: 'Object Repository/Logout/Button Logout' is clicked on

2025-01-22 10:09:22 - [TEST_STEP][PASSED] - delay(0): Delayed 0 second(s)

2025-01-22 10:09:22 - [MESSAGE][PASSED] - Delayed 0 second(s)

2025-01-22 10:09:22 - [TEST_STEP][PASSED] - takeScreenshot(): Taking screenshot successfully

2025-01-22 10:09:23 - [MESSAGE][PASSED] - Taking screenshot successfully
[[ATTACHMENT|C:\\Users\\User\\Documents\\Automation\\Project bank\\PAC cash\\Web Admin PAC Cash\\Web Admin PAC Cash\\Reports\\20250122_100854\\Login Logout\\20250122_100854\\1737515362883.png]]]]></system-out>
         <system-err><![CDATA[]]></system-err>
      </testcase>
      <system-out><![CDATA[2025-01-22 10:09:02 - [TEST_SUITE][PASSED] - Login Logout: Test Cases/Login Logout/Logout]]></system-out>
      <system-err><![CDATA[]]></system-err>
   </testsuite>
</testsuites>
